# JRE version: Java(TM) SE Runtime Environment (21.0.9+7) (build 21.0.9+7-LTS-338)
# Java VM: Java HotSpot(TM) 64-Bit Server VM (21.0.9+7-LTS-338, mixed mode, sharing, tiered, compressed oops, compressed class ptrs, g1 gc, windows-amd64)
GC Precious Log:
 CardTable entry size: 512
 Card Set container configuration: InlinePtr #cards 5 size 8 Array Of Cards #cards 12 size 40 Howl #buckets 4 coarsen threshold 1843 Howl Bitmap #cards 512 size 80 coarsen threshold 460 Card regions per heap region 1 cards per card region 2048
 CPUs: 8 total, 8 available
 Memory: 3615M
 Large Page Support: Disabled
 NUMA Support: Disabled
 Compressed Oops: Enabled (32-bit)
 Heap Region Size: 1M
 Heap Min Capacity: 8M
 Heap Initial Capacity: 58M
 Heap Max Capacity: 904M
 Pre-touch: Disabled
 Parallel Workers: 8
 Concurrent Workers: 2
 Concurrent Refinement Workers: 8
 Periodic GC: Disabled
Heap:
 garbage-first heap   total 71680K, used 49663K [0x00000000c7800000, 0x0000000100000000)
  region size 1024K, 3 young (3072K), 2 survivors (2048K)
 Metaspace       used 17499K, committed 17728K, reserved 1114112K
  class space    used 1971K, committed 2048K, reserved 1048576K
GC Heap History (14 events):
Event: 0.829 GC heap before
{Heap before GC invocations=0 (full 0):
 garbage-first heap   total 59392K, used 23552K [0x00000000c7800000, 0x0000000100000000)
  region size 1024K, 23 young (23552K), 0 survivors (0K)
 Metaspace       used 5641K, committed 5888K, reserved 1114112K
  class space    used 649K, committed 768K, reserved 1048576K
}
Event: 0.837 GC heap after
{Heap after GC invocations=1 (full 0):
 garbage-first heap   total 59392K, used 3696K [0x00000000c7800000, 0x0000000100000000)
  region size 1024K, 3 young (3072K), 3 survivors (3072K)
 Metaspace       used 5641K, committed 5888K, reserved 1114112K
  class space    used 649K, committed 768K, reserved 1048576K
}
Event: 1.317 GC heap before
{Heap before GC invocations=1 (full 0):
 garbage-first heap   total 59392K, used 31344K [0x00000000c7800000, 0x0000000100000000)
  region size 1024K, 30 young (30720K), 3 survivors (3072K)
 Metaspace       used 8965K, committed 9152K, reserved 1114112K
  class space    used 1047K, committed 1152K, reserved 1048576K
}
Event: 1.322 GC heap after
{Heap after GC invocations=2 (full 0):
 garbage-first heap   total 59392K, used 5182K [0x00000000c7800000, 0x0000000100000000)
  region size 1024K, 2 young (2048K), 2 survivors (2048K)
 Metaspace       used 8965K, committed 9152K, reserved 1114112K
  class space    used 1047K, committed 1152K, reserved 1048576K
}
Event: 2.104 GC heap before
{Heap before GC invocations=2 (full 0):
 garbage-first heap   total 59392K, used 37950K [0x00000000c7800000, 0x0000000100000000)
  region size 1024K, 34 young (34816K), 2 survivors (2048K)
 Metaspace       used 14750K, committed 15040K, reserved 1114112K
  class space    used 1749K, committed 1856K, reserved 1048576K
}
Event: 2.113 GC heap after
{Heap after GC invocations=3 (full 0):
 garbage-first heap   total 59392K, used 9212K [0x00000000c7800000, 0x0000000100000000)
  region size 1024K, 5 young (5120K), 5 survivors (5120K)
 Metaspace       used 14750K, committed 15040K, reserved 1114112K
  class space    used 1749K, committed 1856K, reserved 1048576K
}
Event: 2.679 GC heap before
{Heap before GC invocations=3 (full 0):
 garbage-first heap   total 59392K, used 38908K [0x00000000c7800000, 0x0000000100000000)
  region size 1024K, 34 young (34816K), 5 survivors (5120K)
 Metaspace       used 15778K, committed 16000K, reserved 1114112K
  class space    used 1836K, committed 1920K, reserved 1048576K
}
Event: 2.692 GC heap after
{Heap after GC invocations=4 (full 0):
 garbage-first heap   total 59392K, used 13820K [0x00000000c7800000, 0x0000000100000000)
  region size 1024K, 5 young (5120K), 5 survivors (5120K)
 Metaspace       used 15778K, committed 16000K, reserved 1114112K
  class space    used 1836K, committed 1920K, reserved 1048576K
}
Event: 3.184 GC heap before
{Heap before GC invocations=4 (full 0):
 garbage-first heap   total 59392K, used 43516K [0x00000000c7800000, 0x0000000100000000)
  region size 1024K, 34 young (34816K), 5 survivors (5120K)
 Metaspace       used 16141K, committed 16384K, reserved 1114112K
  class space    used 1840K, committed 1920K, reserved 1048576K
}
Event: 3.190 GC heap after
{Heap after GC invocations=5 (full 0):
 garbage-first heap   total 59392K, used 15137K [0x00000000c7800000, 0x0000000100000000)
  region size 1024K, 2 young (2048K), 2 survivors (2048K)
 Metaspace       used 16141K, committed 16384K, reserved 1114112K
  class space    used 1840K, committed 1920K, reserved 1048576K
}
Event: 3.792 GC heap before
{Heap before GC invocations=5 (full 0):
 garbage-first heap   total 59392K, used 54049K [0x00000000c7800000, 0x0000000100000000)
  region size 1024K, 33 young (33792K), 2 survivors (2048K)
 Metaspace       used 17472K, committed 17728K, reserved 1114112K
  class space    used 1969K, committed 2048K, reserved 1048576K
}
Event: 3.797 GC heap after
{Heap after GC invocations=6 (full 0):
 garbage-first heap   total 71680K, used 24872K [0x00000000c7800000, 0x0000000100000000)
  region size 1024K, 3 young (3072K), 3 survivors (3072K)
 Metaspace       used 17472K, committed 17728K, reserved 1114112K
  class space    used 1969K, committed 2048K, reserved 1048576K
}
Event: 3.798 GC heap before
{Heap before GC invocations=6 (full 0):
 garbage-first heap   total 71680K, used 37160K [0x00000000c7800000, 0x0000000100000000)
  region size 1024K, 4 young (4096K), 3 survivors (3072K)
 Metaspace       used 17472K, committed 17728K, reserved 1114112K
  class space    used 1969K, committed 2048K, reserved 1048576K
}
Event: 3.802 GC heap after
{Heap after GC invocations=7 (full 0):
 garbage-first heap   total 71680K, used 37375K [0x00000000c7800000, 0x0000000100000000)
  region size 1024K, 2 young (2048K), 2 survivors (2048K)
 Metaspace       used 17472K, committed 17728K, reserved 1114112K
  class space    used 1969K, committed 2048K, reserved 1048576K
}

